  tm_ltkc_genout.c
C:\Develop\mercury\c\src\api\ltkc_win32\inc\out_tm_ltkc.inc(1194,10): warning C4102: 'missing': unreferenced label
C:\Develop\mercury\c\src\api\ltkc_win32\inc\out_tm_ltkc.inc(1602,10): warning C4102: 'missing': unreferenced label
C:\Develop\mercury\c\src\api\ltkc_win32\inc\out_tm_ltkc.inc(1966,10): warning C4102: 'missing': unreferenced label
C:\Develop\mercury\c\src\api\ltkc_win32\inc\out_tm_ltkc.inc(2397,10): warning C4102: 'missing': unreferenced label
C:\Develop\mercury\c\src\api\ltkc_win32\inc\out_tm_ltkc.inc(3398,10): warning C4102: 'missing': unreferenced label
C:\Develop\mercury\c\src\api\ltkc_win32\inc\out_tm_ltkc.inc(3829,10): warning C4102: 'missing': unreferenced label
C:\Develop\mercury\c\src\api\ltkc_win32\inc\out_tm_ltkc.inc(4158,10): warning C4102: 'missing': unreferenced label
C:\Develop\mercury\c\src\api\ltkc_win32\inc\out_tm_ltkc.inc(4523,10): warning C4102: 'missing': unreferenced label
C:\Develop\mercury\c\src\api\ltkc_win32\inc\out_tm_ltkc.inc(4740,10): warning C4102: 'missing': unreferenced label
C:\Develop\mercury\c\src\api\ltkc_win32\inc\out_tm_ltkc.inc(4959,10): warning C4102: 'missing': unreferenced label
C:\Develop\mercury\c\src\api\ltkc_win32\inc\out_tm_ltkc.inc(5201,10): warning C4102: 'missing': unreferenced label
C:\Develop\mercury\c\src\api\ltkc_win32\inc\out_tm_ltkc.inc(5496,10): warning C4102: 'missing': unreferenced label
C:\Develop\mercury\c\src\api\ltkc_win32\inc\out_tm_ltkc.inc(5771,10): warning C4102: 'missing': unreferenced label
C:\Develop\mercury\c\src\api\ltkc_win32\inc\out_tm_ltkc.inc(5995,10): warning C4102: 'missing': unreferenced label
C:\Develop\mercury\c\src\api\ltkc_win32\inc\out_tm_ltkc.inc(6276,10): warning C4102: 'missing': unreferenced label
C:\Develop\mercury\c\src\api\ltkc_win32\inc\out_tm_ltkc.inc(6622,10): warning C4102: 'missing': unreferenced label
C:\Develop\mercury\c\src\api\ltkc_win32\inc\out_tm_ltkc.inc(6923,10): warning C4102: 'missing': unreferenced label
C:\Develop\mercury\c\src\api\ltkc_win32\inc\out_tm_ltkc.inc(7204,10): warning C4102: 'missing': unreferenced label
C:\Develop\mercury\c\src\api\ltkc_win32\inc\out_tm_ltkc.inc(7710,10): warning C4102: 'missing': unreferenced label
C:\Develop\mercury\c\src\api\ltkc_win32\inc\out_tm_ltkc.inc(7927,10): warning C4102: 'missing': unreferenced label
C:\Develop\mercury\c\src\api\ltkc_win32\inc\out_tm_ltkc.inc(8177,10): warning C4102: 'missing': unreferenced label
C:\Develop\mercury\c\src\api\ltkc_win32\inc\out_tm_ltkc.inc(8427,10): warning C4102: 'missing': unreferenced label
C:\Develop\mercury\c\src\api\ltkc_win32\inc\out_tm_ltkc.inc(8670,10): warning C4102: 'missing': unreferenced label
C:\Develop\mercury\c\src\api\ltkc_win32\inc\out_tm_ltkc.inc(8894,10): warning C4102: 'missing': unreferenced label
C:\Develop\mercury\c\src\api\ltkc_win32\inc\out_tm_ltkc.inc(9115,10): warning C4102: 'missing': unreferenced label
C:\Develop\mercury\c\src\api\ltkc_win32\inc\out_tm_ltkc.inc(9344,10): warning C4102: 'missing': unreferenced label
C:\Develop\mercury\c\src\api\ltkc_win32\inc\out_tm_ltkc.inc(9563,10): warning C4102: 'missing': unreferenced label
C:\Develop\mercury\c\src\api\ltkc_win32\inc\out_tm_ltkc.inc(9782,10): warning C4102: 'missing': unreferenced label
C:\Develop\mercury\c\src\api\ltkc_win32\inc\out_tm_ltkc.inc(9999,10): warning C4102: 'missing': unreferenced label
C:\Develop\mercury\c\src\api\ltkc_win32\inc\out_tm_ltkc.inc(10226,10): warning C4102: 'missing': unreferenced label
C:\Develop\mercury\c\src\api\ltkc_win32\inc\out_tm_ltkc.inc(10445,10): warning C4102: 'missing': unreferenced label
C:\Develop\mercury\c\src\api\ltkc_win32\inc\out_tm_ltkc.inc(10788,10): warning C4102: 'missing': unreferenced label
C:\Develop\mercury\c\src\api\ltkc_win32\inc\out_tm_ltkc.inc(11167,10): warning C4102: 'missing': unreferenced label
C:\Develop\mercury\c\src\api\ltkc_win32\inc\out_tm_ltkc.inc(11527,10): warning C4102: 'missing': unreferenced label
C:\Develop\mercury\c\src\api\ltkc_win32\inc\out_tm_ltkc.inc(11858,10): warning C4102: 'missing': unreferenced label
C:\Develop\mercury\c\src\api\ltkc_win32\inc\out_tm_ltkc.inc(12241,10): warning C4102: 'missing': unreferenced label
C:\Develop\mercury\c\src\api\ltkc_win32\inc\out_tm_ltkc.inc(12614,10): warning C4102: 'missing': unreferenced label
C:\Develop\mercury\c\src\api\ltkc_win32\inc\out_tm_ltkc.inc(12974,10): warning C4102: 'missing': unreferenced label
C:\Develop\mercury\c\src\api\ltkc_win32\inc\out_tm_ltkc.inc(13326,10): warning C4102: 'missing': unreferenced label
C:\Develop\mercury\c\src\api\ltkc_win32\inc\out_tm_ltkc.inc(13686,10): warning C4102: 'missing': unreferenced label
C:\Develop\mercury\c\src\api\ltkc_win32\inc\out_tm_ltkc.inc(14038,10): warning C4102: 'missing': unreferenced label
C:\Develop\mercury\c\src\api\ltkc_win32\inc\out_tm_ltkc.inc(14327,10): warning C4102: 'missing': unreferenced label
C:\Develop\mercury\c\src\api\ltkc_win32\inc\out_tm_ltkc.inc(14614,10): warning C4102: 'missing': unreferenced label
C:\Develop\mercury\c\src\api\ltkc_win32\inc\out_tm_ltkc.inc(14880,10): warning C4102: 'missing': unreferenced label
C:\Develop\mercury\c\src\api\ltkc_win32\inc\out_tm_ltkc.inc(15146,10): warning C4102: 'missing': unreferenced label
C:\Develop\mercury\c\src\api\ltkc_win32\inc\out_tm_ltkc.inc(15412,10): warning C4102: 'missing': unreferenced label
C:\Develop\mercury\c\src\api\ltkc_win32\inc\out_tm_ltkc.inc(15678,10): warning C4102: 'missing': unreferenced label
C:\Develop\mercury\c\src\api\ltkc_win32\inc\out_tm_ltkc.inc(15944,10): warning C4102: 'missing': unreferenced label
C:\Develop\mercury\c\src\api\ltkc_win32\inc\out_tm_ltkc.inc(16210,10): warning C4102: 'missing': unreferenced label
C:\Develop\mercury\c\src\api\ltkc_win32\inc\out_tm_ltkc.inc(16476,10): warning C4102: 'missing': unreferenced label
C:\Develop\mercury\c\src\api\ltkc_win32\inc\out_tm_ltkc.inc(16742,10): warning C4102: 'missing': unreferenced label
C:\Develop\mercury\c\src\api\ltkc_win32\inc\out_tm_ltkc.inc(17033,10): warning C4102: 'missing': unreferenced label
C:\Develop\mercury\c\src\api\ltkc_win32\inc\out_tm_ltkc.inc(17322,10): warning C4102: 'missing': unreferenced label
C:\Develop\mercury\c\src\api\ltkc_win32\inc\out_tm_ltkc.inc(17613,10): warning C4102: 'missing': unreferenced label
C:\Develop\mercury\c\src\api\ltkc_win32\inc\out_tm_ltkc.inc(17902,10): warning C4102: 'missing': unreferenced label
C:\Develop\mercury\c\src\api\ltkc_win32\inc\out_tm_ltkc.inc(18239,10): warning C4102: 'missing': unreferenced label
C:\Develop\mercury\c\src\api\ltkc_win32\inc\out_tm_ltkc.inc(18595,10): warning C4102: 'missing': unreferenced label
C:\Develop\mercury\c\src\api\ltkc_win32\inc\out_tm_ltkc.inc(18955,10): warning C4102: 'missing': unreferenced label
C:\Develop\mercury\c\src\api\ltkc_win32\inc\out_tm_ltkc.inc(19311,10): warning C4102: 'missing': unreferenced label
C:\Develop\mercury\c\src\api\ltkc_win32\inc\out_tm_ltkc.inc(19600,10): warning C4102: 'missing': unreferenced label
C:\Develop\mercury\c\src\api\ltkc_win32\inc\out_tm_ltkc.inc(19891,10): warning C4102: 'missing': unreferenced label
C:\Develop\mercury\c\src\api\ltkc_win32\inc\out_tm_ltkc.inc(20180,10): warning C4102: 'missing': unreferenced label
C:\Develop\mercury\c\src\api\ltkc_win32\inc\out_tm_ltkc.inc(20471,10): warning C4102: 'missing': unreferenced label
C:\Develop\mercury\c\src\api\ltkc_win32\inc\out_tm_ltkc.inc(21084,10): warning C4102: 'missing': unreferenced label
C:\Develop\mercury\c\src\api\ltkc_win32\inc\out_tm_ltkc.inc(21649,10): warning C4102: 'missing': unreferenced label
C:\Develop\mercury\c\src\api\ltkc_win32\inc\out_tm_ltkc.inc(22523,10): warning C4102: 'missing': unreferenced label
C:\Develop\mercury\c\src\api\ltkc_win32\inc\out_tm_ltkc.inc(22812,10): warning C4102: 'missing': unreferenced label
C:\Develop\mercury\c\src\api\ltkc_win32\inc\out_tm_ltkc.inc(23077,10): warning C4102: 'missing': unreferenced label
C:\Develop\mercury\c\src\api\ltkc_win32\inc\out_tm_ltkc.inc(23365,10): warning C4102: 'missing': unreferenced label
C:\Develop\mercury\c\src\api\ltkc_win32\inc\out_tm_ltkc.inc(23677,10): warning C4102: 'missing': unreferenced label
C:\Develop\mercury\c\src\api\ltkc_win32\inc\out_tm_ltkc.inc(23918,10): warning C4102: 'missing': unreferenced label
C:\Develop\mercury\c\src\api\ltkc_win32\inc\out_tm_ltkc.inc(24225,10): warning C4102: 'missing': unreferenced label
C:\Develop\mercury\c\src\api\ltkc_win32\inc\out_tm_ltkc.inc(24339,34): warning C4101: 'pType': unreferenced local variable
C:\Develop\mercury\c\src\api\ltkc_win32\inc\out_tm_ltkc.inc(24555,10): warning C4102: 'missing': unreferenced label
C:\Develop\mercury\c\src\api\ltkc_win32\inc\out_tm_ltkc.inc(24616,34): warning C4101: 'pType': unreferenced local variable
C:\Develop\mercury\c\src\api\ltkc_win32\inc\out_tm_ltkc.inc(24831,10): warning C4102: 'missing': unreferenced label
C:\Develop\mercury\c\src\api\ltkc_win32\inc\out_tm_ltkc.inc(25087,10): warning C4102: 'missing': unreferenced label
C:\Develop\mercury\c\src\api\ltkc_win32\inc\out_tm_ltkc.inc(25114,34): warning C4101: 'pType': unreferenced local variable
C:\Develop\mercury\c\src\api\ltkc_win32\inc\out_tm_ltkc.inc(25316,10): warning C4102: 'missing': unreferenced label
C:\Develop\mercury\c\src\api\ltkc_win32\inc\out_tm_ltkc.inc(25379,34): warning C4101: 'pType': unreferenced local variable
C:\Develop\mercury\c\src\api\ltkc_win32\inc\out_tm_ltkc.inc(25592,10): warning C4102: 'missing': unreferenced label
C:\Develop\mercury\c\src\api\ltkc_win32\inc\out_tm_ltkc.inc(25869,10): warning C4102: 'missing': unreferenced label
C:\Develop\mercury\c\src\api\ltkc_win32\inc\out_tm_ltkc.inc(25913,34): warning C4101: 'pType': unreferenced local variable
C:\Develop\mercury\c\src\api\ltkc_win32\inc\out_tm_ltkc.inc(26099,10): warning C4102: 'missing': unreferenced label
C:\Develop\mercury\c\src\api\ltkc_win32\inc\out_tm_ltkc.inc(26349,10): warning C4102: 'missing': unreferenced label
C:\Develop\mercury\c\src\api\ltkc_win32\inc\out_tm_ltkc.inc(26617,10): warning C4102: 'missing': unreferenced label
C:\Develop\mercury\c\src\api\ltkc_win32\inc\out_tm_ltkc.inc(26844,10): warning C4102: 'missing': unreferenced label
C:\Develop\mercury\c\src\api\ltkc_win32\inc\out_tm_ltkc.inc(27071,10): warning C4102: 'missing': unreferenced label
C:\Develop\mercury\c\src\api\ltkc_win32\inc\out_tm_ltkc.inc(27346,10): warning C4102: 'missing': unreferenced label
C:\Develop\mercury\c\src\api\ltkc_win32\inc\out_tm_ltkc.inc(27961,10): warning C4102: 'missing': unreferenced label
C:\Develop\mercury\c\src\api\ltkc_win32\inc\out_tm_ltkc.inc(28432,10): warning C4102: 'missing': unreferenced label
C:\Develop\mercury\c\src\api\ltkc_win32\inc\out_tm_ltkc.inc(29787,10): warning C4102: 'missing': unreferenced label
C:\Develop\mercury\c\src\api\ltkc_win32\inc\out_tm_ltkc.inc(30143,10): warning C4102: 'missing': unreferenced label
C:\Develop\mercury\c\src\api\ltkc_win32\inc\out_tm_ltkc.inc(30591,10): warning C4102: 'missing': unreferenced label
C:\Develop\mercury\c\src\api\ltkc_win32\inc\out_tm_ltkc.inc(31508,10): warning C4102: 'missing': unreferenced label
C:\Develop\mercury\c\src\api\ltkc_win32\inc\out_tm_ltkc.inc(32031,10): warning C4102: 'missing': unreferenced label
C:\Develop\mercury\c\src\api\ltkc_win32\inc\out_tm_ltkc.inc(32510,10): warning C4102: 'missing': unreferenced label
C:\Develop\mercury\c\src\api\ltkc_win32\inc\out_tm_ltkc.inc(33059,10): warning C4102: 'missing': unreferenced label
C:\Develop\mercury\c\src\api\ltkc_win32\inc\out_tm_ltkc.inc(34833,10): warning C4102: 'missing': unreferenced label
C:\Develop\mercury\c\src\api\ltkc_win32\inc\out_tm_ltkc.inc(35347,10): warning C4102: 'missing': unreferenced label
C:\Develop\mercury\c\src\api\ltkc_win32\inc\out_tm_ltkc.inc(35968,10): warning C4102: 'missing': unreferenced label
C:\Develop\mercury\c\src\api\ltkc_win32\inc\out_tm_ltkc.inc(36947,10): warning C4102: 'missing': unreferenced label
C:\Develop\mercury\c\src\api\ltkc_win32\inc\out_tm_ltkc.inc(37241,10): warning C4102: 'missing': unreferenced label
C:\Develop\mercury\c\src\api\ltkc_win32\inc\out_tm_ltkc.inc(37606,10): warning C4102: 'missing': unreferenced label
C:\Develop\mercury\c\src\api\ltkc_win32\inc\out_tm_ltkc.inc(38004,10): warning C4102: 'missing': unreferenced label
C:\Develop\mercury\c\src\api\ltkc_win32\inc\out_tm_ltkc.inc(38409,10): warning C4102: 'missing': unreferenced label
C:\Develop\mercury\c\src\api\ltkc_win32\inc\out_tm_ltkc.inc(38899,10): warning C4102: 'missing': unreferenced label
C:\Develop\mercury\c\src\api\ltkc_win32\inc\out_tm_ltkc.inc(39692,10): warning C4102: 'missing': unreferenced label
C:\Develop\mercury\c\src\api\ltkc_win32\inc\out_tm_ltkc.inc(40610,10): warning C4102: 'missing': unreferenced label
C:\Develop\mercury\c\src\api\ltkc_win32\inc\out_tm_ltkc.inc(41160,10): warning C4102: 'missing': unreferenced label
C:\Develop\mercury\c\src\api\ltkc_win32\inc\out_tm_ltkc.inc(41674,10): warning C4102: 'missing': unreferenced label
C:\Develop\mercury\c\src\api\ltkc_win32\inc\out_tm_ltkc.inc(42241,10): warning C4102: 'missing': unreferenced label
C:\Develop\mercury\c\src\api\ltkc_win32\inc\out_tm_ltkc.inc(42580,10): warning C4102: 'missing': unreferenced label
C:\Develop\mercury\c\src\api\ltkc_win32\inc\out_tm_ltkc.inc(43265,10): warning C4102: 'missing': unreferenced label
C:\Develop\mercury\c\src\api\ltkc_win32\inc\out_tm_ltkc.inc(43716,10): warning C4102: 'missing': unreferenced label
C:\Develop\mercury\c\src\api\ltkc_win32\inc\out_tm_ltkc.inc(44094,10): warning C4102: 'missing': unreferenced label
C:\Develop\mercury\c\src\api\ltkc_win32\inc\out_tm_ltkc.inc(44337,10): warning C4102: 'missing': unreferenced label
C:\Develop\mercury\c\src\api\ltkc_win32\inc\out_tm_ltkc.inc(44825,10): warning C4102: 'missing': unreferenced label
C:\Develop\mercury\c\src\api\ltkc_win32\inc\out_tm_ltkc.inc(45352,10): warning C4102: 'missing': unreferenced label
C:\Develop\mercury\c\src\api\ltkc_win32\inc\out_tm_ltkc.inc(45927,10): warning C4102: 'missing': unreferenced label
C:\Develop\mercury\c\src\api\ltkc_win32\inc\out_tm_ltkc.inc(46454,10): warning C4102: 'missing': unreferenced label
C:\Develop\mercury\c\src\api\ltkc_win32\inc\out_tm_ltkc.inc(46981,10): warning C4102: 'missing': unreferenced label
C:\Develop\mercury\c\src\api\ltkc_win32\inc\out_tm_ltkc.inc(47508,10): warning C4102: 'missing': unreferenced label
C:\Develop\mercury\c\src\api\ltkc_win32\inc\out_tm_ltkc.inc(48079,10): warning C4102: 'missing': unreferenced label
C:\Develop\mercury\c\src\api\ltkc_win32\inc\out_tm_ltkc.inc(48790,10): warning C4102: 'missing': unreferenced label
C:\Develop\mercury\c\src\api\ltkc_win32\inc\out_tm_ltkc.inc(49317,10): warning C4102: 'missing': unreferenced label
C:\Develop\mercury\c\src\api\ltkc_win32\inc\out_tm_ltkc.inc(49844,10): warning C4102: 'missing': unreferenced label
C:\Develop\mercury\c\src\api\ltkc_win32\inc\out_tm_ltkc.inc(50415,10): warning C4102: 'missing': unreferenced label
C:\Develop\mercury\c\src\api\ltkc_win32\inc\out_tm_ltkc.inc(51038,10): warning C4102: 'missing': unreferenced label
C:\Develop\mercury\c\src\api\ltkc_win32\inc\out_tm_ltkc.inc(51304,10): warning C4102: 'missing': unreferenced label
C:\Develop\mercury\c\src\api\ltkc_win32\inc\out_tm_ltkc.inc(51574,10): warning C4102: 'missing': unreferenced label
C:\Develop\mercury\c\src\api\ltkc_win32\inc\out_tm_ltkc.inc(51863,10): warning C4102: 'missing': unreferenced label
C:\Develop\mercury\c\src\api\ltkc_win32\inc\out_tm_ltkc.inc(52156,10): warning C4102: 'missing': unreferenced label
C:\Develop\mercury\c\src\api\ltkc_win32\inc\out_tm_ltkc.inc(52498,10): warning C4102: 'missing': unreferenced label
C:\Develop\mercury\c\src\api\ltkc_win32\inc\out_tm_ltkc.inc(52720,10): warning C4102: 'missing': unreferenced label
C:\Develop\mercury\c\src\api\ltkc_win32\inc\out_tm_ltkc.inc(52942,10): warning C4102: 'missing': unreferenced label
C:\Develop\mercury\c\src\api\ltkc_win32\inc\out_tm_ltkc.inc(53164,10): warning C4102: 'missing': unreferenced label
C:\Develop\mercury\c\src\api\ltkc_win32\inc\out_tm_ltkc.inc(53386,10): warning C4102: 'missing': unreferenced label
C:\Develop\mercury\c\src\api\ltkc_win32\inc\out_tm_ltkc.inc(53608,10): warning C4102: 'missing': unreferenced label
C:\Develop\mercury\c\src\api\ltkc_win32\inc\out_tm_ltkc.inc(53817,10): warning C4102: 'missing': unreferenced label
C:\Develop\mercury\c\src\api\ltkc_win32\inc\out_tm_ltkc.inc(54105,10): warning C4102: 'missing': unreferenced label
C:\Develop\mercury\c\src\api\ltkc_win32\inc\out_tm_ltkc.inc(54378,10): warning C4102: 'missing': unreferenced label
C:\Develop\mercury\c\src\api\ltkc_win32\inc\out_tm_ltkc.inc(54651,10): warning C4102: 'missing': unreferenced label
C:\Develop\mercury\c\src\api\ltkc_win32\inc\out_tm_ltkc.inc(54873,10): warning C4102: 'missing': unreferenced label
C:\Develop\mercury\c\src\api\ltkc_win32\inc\out_tm_ltkc.inc(55095,10): warning C4102: 'missing': unreferenced label
C:\Develop\mercury\c\src\api\ltkc_win32\inc\out_tm_ltkc.inc(55317,10): warning C4102: 'missing': unreferenced label
C:\Develop\mercury\c\src\api\ltkc_win32\inc\out_tm_ltkc.inc(55539,10): warning C4102: 'missing': unreferenced label
C:\Develop\mercury\c\src\api\ltkc_win32\inc\out_tm_ltkc.inc(55766,10): warning C4102: 'missing': unreferenced label
C:\Develop\mercury\c\src\api\ltkc_win32\inc\out_tm_ltkc.inc(55995,10): warning C4102: 'missing': unreferenced label
C:\Develop\mercury\c\src\api\ltkc_win32\inc\out_tm_ltkc.inc(56450,10): warning C4102: 'missing': unreferenced label
C:\Develop\mercury\c\src\api\ltkc_win32\inc\out_tm_ltkc.inc(57172,10): warning C4102: 'missing': unreferenced label
C:\Develop\mercury\c\src\api\ltkc_win32\inc\out_tm_ltkc.inc(57855,10): warning C4102: 'missing': unreferenced label
C:\Develop\mercury\c\src\api\ltkc_win32\inc\out_tm_ltkc.inc(58538,10): warning C4102: 'missing': unreferenced label
C:\Develop\mercury\c\src\api\ltkc_win32\inc\out_tm_ltkc.inc(58781,10): warning C4102: 'missing': unreferenced label
C:\Develop\mercury\c\src\api\ltkc_win32\inc\out_tm_ltkc.inc(59568,10): warning C4102: 'missing': unreferenced label
C:\Develop\mercury\c\src\api\ltkc_win32\inc\out_tm_ltkc.inc(59867,10): warning C4102: 'missing': unreferenced label
C:\Develop\mercury\c\src\api\ltkc_win32\inc\out_tm_ltkc.inc(60233,10): warning C4102: 'missing': unreferenced label
C:\Develop\mercury\c\src\api\ltkc_win32\inc\out_tm_ltkc.inc(60583,10): warning C4102: 'missing': unreferenced label
C:\Develop\mercury\c\src\api\ltkc_win32\inc\out_tm_ltkc.inc(60909,10): warning C4102: 'missing': unreferenced label
C:\Develop\mercury\c\src\api\ltkc_win32\inc\out_tm_ltkc.inc(61126,10): warning C4102: 'missing': unreferenced label
C:\Develop\mercury\c\src\api\ltkc_win32\inc\out_tm_ltkc.inc(61343,10): warning C4102: 'missing': unreferenced label
C:\Develop\mercury\c\src\api\ltkc_win32\inc\out_tm_ltkc.inc(61560,10): warning C4102: 'missing': unreferenced label
C:\Develop\mercury\c\src\api\ltkc_win32\inc\out_tm_ltkc.inc(61777,10): warning C4102: 'missing': unreferenced label
C:\Develop\mercury\c\src\api\ltkc_win32\inc\out_tm_ltkc.inc(62016,10): warning C4102: 'missing': unreferenced label
C:\Develop\mercury\c\src\api\ltkc_win32\inc\out_tm_ltkc.inc(62333,10): warning C4102: 'missing': unreferenced label
C:\Develop\mercury\c\src\api\ltkc_win32\inc\out_tm_ltkc.inc(62575,10): warning C4102: 'missing': unreferenced label
C:\Develop\mercury\c\src\api\ltkc_win32\inc\out_tm_ltkc.inc(62784,10): warning C4102: 'missing': unreferenced label
C:\Develop\mercury\c\src\api\ltkc_win32\inc\out_tm_ltkc.inc(62811,34): warning C4101: 'pType': unreferenced local variable
C:\Develop\mercury\c\src\api\ltkc_win32\inc\out_tm_ltkc.inc(62983,10): warning C4102: 'missing': unreferenced label
C:\Develop\mercury\c\src\api\ltkc_win32\inc\out_tm_ltkc.inc(63027,34): warning C4101: 'pType': unreferenced local variable
C:\Develop\mercury\c\src\api\ltkc_win32\inc\out_tm_ltkc.inc(63177,10): warning C4102: 'missing': unreferenced label
C:\Develop\mercury\c\src\api\ltkc_win32\inc\out_tm_ltkc.inc(63440,10): warning C4102: 'missing': unreferenced label
C:\Develop\mercury\c\src\api\ltkc_win32\inc\out_tm_ltkc.inc(63673,10): warning C4102: 'missing': unreferenced label
C:\Develop\mercury\c\src\api\ltkc_win32\inc\out_tm_ltkc.inc(63700,34): warning C4101: 'pType': unreferenced local variable
C:\Develop\mercury\c\src\api\ltkc_win32\inc\out_tm_ltkc.inc(63859,10): warning C4102: 'missing': unreferenced label
C:\Develop\mercury\c\src\api\ltkc_win32\inc\out_tm_ltkc.inc(64086,10): warning C4102: 'missing': unreferenced label
C:\Develop\mercury\c\src\api\ltkc_win32\inc\out_tm_ltkc.inc(64300,10): warning C4102: 'missing': unreferenced label
C:\Develop\mercury\c\src\api\ltkc_win32\inc\out_tm_ltkc.inc(64520,10): warning C4102: 'missing': unreferenced label
C:\Develop\mercury\c\src\api\ltkc_win32\inc\out_tm_ltkc.inc(64547,34): warning C4101: 'pType': unreferenced local variable
C:\Develop\mercury\c\src\api\ltkc_win32\inc\out_tm_ltkc.inc(64766,10): warning C4102: 'missing': unreferenced label
C:\Develop\mercury\c\src\api\ltkc_win32\inc\out_tm_ltkc.inc(65152,10): warning C4102: 'missing': unreferenced label
C:\Develop\mercury\c\src\api\ltkc_win32\inc\out_tm_ltkc.inc(65374,10): warning C4102: 'missing': unreferenced label
C:\Develop\mercury\c\src\api\ltkc_win32\inc\out_tm_ltkc.inc(65596,10): warning C4102: 'missing': unreferenced label
C:\Develop\mercury\c\src\api\ltkc_win32\inc\out_tm_ltkc.inc(65818,10): warning C4102: 'missing': unreferenced label
C:\Develop\mercury\c\src\api\ltkc_win32\inc\out_tm_ltkc.inc(66042,10): warning C4102: 'missing': unreferenced label
C:\Develop\mercury\c\src\api\ltkc_win32\inc\out_tm_ltkc.inc(66286,10): warning C4102: 'missing': unreferenced label
C:\Develop\mercury\c\src\api\ltkc_win32\inc\out_tm_ltkc.inc(66556,10): warning C4102: 'missing': unreferenced label
C:\Develop\mercury\c\src\api\ltkc_win32\inc\out_tm_ltkc.inc(66778,10): warning C4102: 'missing': unreferenced label
C:\Develop\mercury\c\src\api\ltkc_win32\inc\out_tm_ltkc.inc(67010,10): warning C4102: 'missing': unreferenced label
C:\Develop\mercury\c\src\api\ltkc_win32\inc\out_tm_ltkc.inc(67258,10): warning C4102: 'missing': unreferenced label
C:\Develop\mercury\c\src\api\ltkc_win32\inc\out_tm_ltkc.inc(67495,10): warning C4102: 'missing': unreferenced label
C:\Develop\mercury\c\src\api\ltkc_win32\inc\out_tm_ltkc.inc(67539,34): warning C4101: 'pType': unreferenced local variable
C:\Program Files (x86)\Microsoft Visual Studio\2019\Enterprise\MSBuild\Microsoft\VC\v160\Microsoft.CppBuild.targets(1523,5): warning MSB8012: TargetPath(C:\Develop\mercury\c\src\api\ltkc_win32\lib\libltkcllrporg.lib) does not match the Library's OutputFile property value (C:\Develop\mercury\c\src\api\ltkc_win32\lib\libltkctm.lib). This may cause your project to build incorrectly. To correct this, please make sure that $(OutDir), $(TargetName) and $(TargetExt) property values match the value specified in %(Lib.OutputFile).
C:\Program Files (x86)\Microsoft Visual Studio\2019\Enterprise\MSBuild\Microsoft\VC\v160\Microsoft.CppBuild.targets(1525,5): warning MSB8012: TargetName(libltkcllrporg) does not match the Library's OutputFile property value (libltkctm). This may cause your project to build incorrectly. To correct this, please make sure that $(OutDir), $(TargetName) and $(TargetExt) property values match the value specified in %(Lib.OutputFile).
  libltkcllrporg.vcxproj -> C:\Develop\mercury\c\src\api\ltkc_win32\lib\libltkcllrporg.lib
