C:\Program Files (x86)\Microsoft Visual Studio\2019\Enterprise\MSBuild\Microsoft\VC\v160\Microsoft.CppCommon.targets(37,5): warning MSB4211: The property "IntermediateOutputPath" is being set to a value for the first time, but it was already consumed at "C:\Program Files (x86)\Microsoft Visual Studio\2019\Enterprise\MSBuild\Microsoft\VC\v160\Microsoft.CppCommon.targets (36,5)".
C:\Program Files (x86)\Microsoft Visual Studio\2019\Enterprise\MSBuild\Current\Bin\Microsoft.Common.CurrentVersion.targets(340,5): warning MSB4211: The property "CleanFile" is being set to a value for the first time, but it was already consumed at "C:\Program Files (x86)\Microsoft Visual Studio\2019\Enterprise\MSBuild\Microsoft\VC\v160\Microsoft.CppCommon.targets (36,5)".
  ltkc_array.c
  ltkc_connection.c
  ltkc_element.c
  ltkc_encdec.c
C:\Develop\mercury\c\src\api\ltkc_win32\src\ltkc_encdec.c(32,55): warning C4098: 'LLRP_Decoder_destruct': 'void' function returning a value
C:\Develop\mercury\c\src\api\ltkc_win32\src\ltkc_encdec.c(46,55): warning C4098: 'LLRP_Encoder_destruct': 'void' function returning a value
C:\Develop\mercury\c\src\api\ltkc_win32\src\ltkc_encdec.c(54,70): warning C4098: 'LLRP_Encoder_encodeElement': 'void' function returning a value
  ltkc_error.c
  ltkc_framedecode.c
  ltkc_frameencode.c
C:\Develop\mercury\c\src\api\ltkc_win32\src\ltkc_frameencode.c(452,56): warning C4244: '=': conversion from 'llrp_u64_t' to 'unsigned char', possible loss of data
C:\Develop\mercury\c\src\api\ltkc_win32\src\ltkc_frameencode.c(453,56): warning C4244: '=': conversion from 'llrp_u64_t' to 'unsigned char', possible loss of data
C:\Develop\mercury\c\src\api\ltkc_win32\src\ltkc_frameencode.c(454,56): warning C4244: '=': conversion from 'llrp_u64_t' to 'unsigned char', possible loss of data
C:\Develop\mercury\c\src\api\ltkc_win32\src\ltkc_frameencode.c(456,56): warning C4244: '=': conversion from 'llrp_u64_t' to 'unsigned char', possible loss of data
C:\Develop\mercury\c\src\api\ltkc_win32\src\ltkc_frameencode.c(457,56): warning C4244: '=': conversion from 'llrp_u64_t' to 'unsigned char', possible loss of data
C:\Develop\mercury\c\src\api\ltkc_win32\src\ltkc_frameencode.c(458,55): warning C4244: '=': conversion from 'llrp_u64_t' to 'unsigned char', possible loss of data
  ltkc_frameextract.c
  ltkc_genout.c
C:\Develop\mercury\c\src\api\ltkc_win32\inc\ltkc.h(32,10): fatal error C1083: Cannot open include file: 'out_ltkc.h': No such file or directory
  ltkc_hdrfd.c
  ltkc_typeregistry.c
  ltkc_xmltextencode.c
C:\Develop\mercury\c\src\api\ltkc_win32\src\ltkc_xmltextencode.c(900,24): warning C4996: 'localtime': This function or variable may be unsafe. Consider using localtime_s instead. To disable deprecation, use _CRT_SECURE_NO_WARNINGS. See online help for details.
C:\Develop\mercury\c\src\api\ltkc_win32\src\ltkc_xmltextencode.c(1372,28): warning C4018: '<': signed/unsigned mismatch
C:\Develop\mercury\c\src\api\ltkc_win32\src\ltkc_xmltextencode.c(1413,24): warning C4018: '<': signed/unsigned mismatch
C:\Develop\mercury\c\src\api\ltkc_win32\src\ltkc_xmltextencode.c(1538,11): warning C4996: 'strcpy': This function or variable may be unsafe. Consider using strcpy_s instead. To disable deprecation, use _CRT_SECURE_NO_WARNINGS. See online help for details.
C:\Develop\mercury\c\src\api\ltkc_win32\src\ltkc_xmltextencode.c(1524,5): warning C4996: '_vsnprintf': This function or variable may be unsafe. Consider using _vsnprintf_s instead. To disable deprecation, use _CRT_SECURE_NO_WARNINGS. See online help for details.
C:\Develop\mercury\c\src\api\ltkc_win32\src\ltkc_xmltextencode.c(1575,15): warning C4996: 'strcpy': This function or variable may be unsafe. Consider using strcpy_s instead. To disable deprecation, use _CRT_SECURE_NO_WARNINGS. See online help for details.
C:\Develop\mercury\c\src\api\ltkc_win32\src\ltkc_xmltextencode.c(1585,15): warning C4996: 'strcpy': This function or variable may be unsafe. Consider using strcpy_s instead. To disable deprecation, use _CRT_SECURE_NO_WARNINGS. See online help for details.
C:\Develop\mercury\c\src\api\ltkc_win32\src\ltkc_xmltextencode.c(1622,15): warning C4996: 'strcpy': This function or variable may be unsafe. Consider using strcpy_s instead. To disable deprecation, use _CRT_SECURE_NO_WARNINGS. See online help for details.
C:\Develop\mercury\c\src\api\ltkc_win32\src\ltkc_xmltextencode.c(1608,9): warning C4996: 'sprintf': This function or variable may be unsafe. Consider using sprintf_s instead. To disable deprecation, use _CRT_SECURE_NO_WARNINGS. See online help for details.
  Generating Code...
